<?xml version="1.0" encoding="utf-8"?><testsuites name="pytest tests"><testsuite name="pytest" errors="0" failures="0" skipped="0" tests="14" time="22.555" timestamp="2026-02-23T17:35:21.389672+00:00" hostname="agent-env-72316e51-736f-44f7-99f4-e6aed64acd1d"><testcase classname="tests.test_backend_api.TestAuthFlow" name="test_register_new_user" time="1.165" /><testcase classname="tests.test_backend_api.TestAuthFlow" name="test_login_with_credentials" time="1.257" /><testcase classname="tests.test_backend_api.TestAuthFlow" name="test_login_invalid_credentials" time="0.520" /><testcase classname="tests.test_backend_api.TestAuthFlow" name="test_auth_me_requires_token" time="0.441" /><testcase classname="tests.test_backend_api.TestCategoriesFlow" name="test_get_default_categories" time="1.030" /><testcase classname="tests.test_backend_api.TestCategoriesFlow" name="test_create_custom_category" time="1.370" /><testcase classname="tests.test_backend_api.TestCategoriesFlow" name="test_update_category_name" time="1.728" /><testcase classname="tests.test_backend_api.TestCategoriesFlow" name="test_delete_category" time="1.773" /><testcase classname="tests.test_backend_api.TestReceiptsFlow" name="test_create_receipt" time="1.741" /><testcase classname="tests.test_backend_api.TestReceiptsFlow" name="test_get_receipts_with_filters" time="2.016" /><testcase classname="tests.test_backend_api.TestReceiptsFlow" name="test_delete_receipt" time="2.057" /><testcase classname="tests.test_backend_api.TestDashboardAndReports" name="test_dashboard_summary" time="2.522" /><testcase classname="tests.test_backend_api.TestDashboardAndReports" name="test_tax_summary_report" time="2.455" /><testcase classname="tests.test_backend_api.TestDashboardAndReports" name="test_csv_export" time="2.427" /></testsuite></testsuites>